2025-11-02 20:04:49,882 [INFO] Activator:176 - 


2025-11-02 20:04:49,888 [INFO] Activator:177 - !SESSION log4j initialized
2025-11-02 20:04:54,108 [INFO] LogOutputStream:77 - [STDOUT_REDIRECT] 
2025-11-02 20:04:56,669 [INFO] ApplicationProperties:184 - Using Application install path: C:\ST\STM32CubeIDE_1.14.1\STM32CubeIDE\plugins\com.st.stm32cube.common.mx_6.14.0.202502271554
2025-11-02 20:04:56,681 [INFO] DbMcusXml:78 - Set database path to: C:\ST\STM32CubeIDE_1.14.1\STM32CubeIDE\plugins\com.st.stm32cube.common.mx_6.14.0.202502271554\\db\/mcu/
2025-11-02 20:04:56,681 [INFO] ApiDb:274 - Set plugin database path to: C:\ST\STM32CubeIDE_1.14.1\STM32CubeIDE\plugins\com.st.stm32cube.common.mx_6.14.0.202502271554\\db\/plugins/boardmanager/
2025-11-02 20:04:56,683 [WARN] ApiDb:259 - Overriding images path with different value:  => C:\ST\STM32CubeIDE_1.14.1\STM32CubeIDE\plugins\com.st.stm32cube.common.mx_6.14.0.202502271554\\db\/plugins/mcufinder/images/
2025-11-02 20:04:56,688 [INFO] ApiDb:250 - Set database path to: C:\Users\User\.stmcufinder\plugins\mcufinder//mcu/
2025-11-02 20:04:56,689 [INFO] DbMcusAds:125 - Set database path to: C:\Users\User\.stmcufinder\plugins\mcufinder//mcu/
2025-11-02 20:04:56,691 [INFO] CrossReferenceDbSqlite:203 - Set database path to: C:\Users\User\.stmcufinder\plugins\mcufinder//mcu/cs/
2025-11-02 20:04:56,805 [INFO] RulesReader:64 - Compatibility file has been processed (301 Rules)
2025-11-02 20:04:56,888 [INFO] DbMcusXml:78 - Set database path to: C:\ST\STM32CubeIDE_1.14.1\STM32CubeIDE\plugins\com.st.stm32cube.common.mx_6.14.0.202502271554\\db\/mcu/
2025-11-02 20:04:56,888 [INFO] ApiDb:274 - Set plugin database path to: C:\ST\STM32CubeIDE_1.14.1\STM32CubeIDE\plugins\com.st.stm32cube.common.mx_6.14.0.202502271554\\db\/plugins/boardmanager/
2025-11-02 20:04:56,888 [INFO] ApiDb:261 - Set plugin images path to: C:\ST\STM32CubeIDE_1.14.1\STM32CubeIDE\plugins\com.st.stm32cube.common.mx_6.14.0.202502271554\\db\/plugins/mcufinder/images/
2025-11-02 20:04:56,888 [WARN] DbFile:41 - Overriding database path with different value: C:\Users\User\.stmcufinder\plugins\mcufinder/ => C:\Users\User\.stmcufinder\plugins\mcufinder
2025-11-02 20:04:56,888 [INFO] ApiDb:250 - Set database path to: C:\Users\User\.stmcufinder\plugins\mcufinder//mcu/
2025-11-02 20:04:56,889 [WARN] DbFile:41 - Overriding database path with different value: C:\Users\User\.stmcufinder\plugins\mcufinder/ => C:\Users\User\.stmcufinder\plugins\mcufinder
2025-11-02 20:04:56,889 [INFO] DbMcusAds:125 - Set database path to: C:\Users\User\.stmcufinder\plugins\mcufinder//mcu/
2025-11-02 20:04:56,889 [WARN] DbFile:41 - Overriding database path with different value: C:\Users\User\.stmcufinder\plugins\mcufinder/ => C:\Users\User\.stmcufinder\plugins\mcufinder
2025-11-02 20:04:56,889 [WARN] DbFile:41 - Overriding database path with different value: C:\Users\User\.stmcufinder\plugins\mcufinder/ => C:\Users\User\.stmcufinder\plugins\mcufinder
2025-11-02 20:04:56,889 [INFO] CrossReferenceDbSqlite:203 - Set database path to: C:\Users\User\.stmcufinder\plugins\mcufinder//mcu/cs/
2025-11-02 20:04:56,971 [INFO] MainPanel:272 - HeapMemory: 268435456
2025-11-02 20:04:57,058 [INFO] DbMcusXml:78 - Set database path to: C:\ST\STM32CubeIDE_1.14.1\STM32CubeIDE\plugins\com.st.stm32cube.common.mx_6.14.0.202502271554\\db\/mcu/
2025-11-02 20:04:57,059 [INFO] ApiDb:274 - Set plugin database path to: C:\ST\STM32CubeIDE_1.14.1\STM32CubeIDE\plugins\com.st.stm32cube.common.mx_6.14.0.202502271554\\db\/plugins/boardmanager/
2025-11-02 20:04:57,059 [INFO] ApiDb:261 - Set plugin images path to: C:\ST\STM32CubeIDE_1.14.1\STM32CubeIDE\plugins\com.st.stm32cube.common.mx_6.14.0.202502271554\\db\/plugins/mcufinder/images/
2025-11-02 20:04:57,060 [WARN] DbFile:41 - Overriding database path with different value: C:\Users\User\.stmcufinder\plugins\mcufinder/ => C:\Users\User\.stmcufinder\plugins\mcufinder
2025-11-02 20:04:57,060 [INFO] ApiDb:250 - Set database path to: C:\Users\User\.stmcufinder\plugins\mcufinder//mcu/
2025-11-02 20:04:57,060 [WARN] DbFile:41 - Overriding database path with different value: C:\Users\User\.stmcufinder\plugins\mcufinder/ => C:\Users\User\.stmcufinder\plugins\mcufinder
2025-11-02 20:04:57,060 [INFO] DbMcusAds:125 - Set database path to: C:\Users\User\.stmcufinder\plugins\mcufinder//mcu/
2025-11-02 20:04:57,060 [WARN] DbFile:41 - Overriding database path with different value: C:\Users\User\.stmcufinder\plugins\mcufinder/ => C:\Users\User\.stmcufinder\plugins\mcufinder
2025-11-02 20:04:57,061 [WARN] DbFile:41 - Overriding database path with different value: C:\Users\User\.stmcufinder\plugins\mcufinder/ => C:\Users\User\.stmcufinder\plugins\mcufinder
2025-11-02 20:04:57,061 [INFO] CrossReferenceDbSqlite:203 - Set database path to: C:\Users\User\.stmcufinder\plugins\mcufinder//mcu/cs/
2025-11-02 20:04:57,079 [INFO] ApplicationProperties:184 - Using Application install path: C:\ST\STM32CubeIDE_1.14.1\STM32CubeIDE\plugins\com.st.stm32cube.common.mx_6.14.0.202502271554
2025-11-02 20:04:57,081 [INFO] PluginManage:196 - Search for loadable plugins [exclusion list=, ]
2025-11-02 20:04:57,082 [INFO] PluginManage:310 - Check plugin analytics
2025-11-02 20:04:57,281 [INFO] AnalyticsPlugin:253 - Accepted Software Licenses: 
2025-11-02 20:04:57,281 [INFO] AnalyticsPlugin:255 - Accepted CMSIS Pack Licenses: 
2025-11-02 20:04:57,281 [INFO] AnalyticsPlugin:257 - Accepted Firmware Licenses: FW.F4.1.28.0
2025-11-02 20:04:57,286 [INFO] PluginManage:359 - Loaded plugin analytics (category:tool,tabindex:-1)
2025-11-02 20:04:57,286 [INFO] PluginManage:310 - Check plugin cadmodel
2025-11-02 20:04:57,291 [INFO] CADModel:105 - Init CAD model plugin
2025-11-02 20:04:57,291 [INFO] PluginManage:359 - Loaded plugin cadmodel (category:power,tabindex:5)
2025-11-02 20:04:57,292 [INFO] PluginManage:310 - Check plugin clock
2025-11-02 20:04:57,303 [INFO] PluginManage:359 - Loaded plugin clock (category:base,tabindex:2)
2025-11-02 20:04:57,304 [INFO] PluginManage:310 - Check plugin ddr
2025-11-02 20:04:57,307 [INFO] PluginManage:359 - Loaded plugin ddr (category:tool,tabindex:6)
2025-11-02 20:04:57,307 [INFO] PluginManage:310 - Check plugin filemanager
2025-11-02 20:04:57,519 [INFO] PluginManage:359 - Loaded plugin filemanager (category:base,tabindex:10)
2025-11-02 20:04:57,519 [INFO] PluginManage:310 - Check plugin ipmanager
2025-11-02 20:04:57,549 [INFO] PluginManage:359 - Loaded plugin ipmanager (category:base,tabindex:5)
2025-11-02 20:04:57,550 [INFO] PluginManage:310 - Check plugin lpbam
2025-11-02 20:04:57,563 [INFO] PluginManage:359 - Loaded plugin lpbam (category:base,tabindex:0)
2025-11-02 20:04:57,563 [INFO] PluginManage:310 - Check plugin memorymap
2025-11-02 20:04:57,578 [INFO] PluginManage:359 - Loaded plugin memorymap (category:base,tabindex:4)
2025-11-02 20:04:57,578 [INFO] PluginManage:310 - Check plugin pinoutandconfiguration
2025-11-02 20:04:57,589 [INFO] PluginManage:359 - Loaded plugin pinoutandconfiguration (category:base,tabindex:1)
2025-11-02 20:04:57,589 [INFO] PluginManage:310 - Check plugin pinoutconfig
2025-11-02 20:04:57,694 [WARN] SupportedApi:132 - Cannot load RTOS API schema: s4s-elt-must-match.1: The content of 'definitions' must match (annotation?, (simpleType | complexType)?, (unique | key | keyref)*)). A problem was found starting at: attribute.
2025-11-02 20:04:57,848 [INFO] PluginManage:359 - Loaded plugin pinoutconfig (category:base,tabindex:0)
2025-11-02 20:04:57,848 [INFO] PluginManage:310 - Check plugin power
2025-11-02 20:04:57,861 [INFO] PluginManage:359 - Loaded plugin power (category:power,tabindex:4)
2025-11-02 20:04:57,861 [INFO] PluginManage:310 - Check plugin projectmanager
2025-11-02 20:04:57,879 [INFO] PluginManage:359 - Loaded plugin projectmanager (category:projectmanager,tabindex:4)
2025-11-02 20:04:57,879 [INFO] PluginManage:310 - Check plugin rif
2025-11-02 20:04:57,886 [INFO] PluginManage:359 - Loaded plugin rif (category:base,tabindex:3)
2025-11-02 20:04:57,886 [INFO] PluginManage:310 - Check plugin thirdparty
2025-11-02 20:04:58,044 [WARN] IntegrityCheckThread:84 - waiting for thirdparty lock release [integrity check]
2025-11-02 20:04:58,045 [INFO] IntegrityCheckThread:86 - entering critical section [integrity check]
2025-11-02 20:04:58,045 [INFO] ThirdPartyUpdaterWithRetryManager:70 - Updater plugin not ready yet. [1/15]
2025-11-02 20:04:58,045 [INFO] PluginManage:359 - Loaded plugin thirdparty (category:base,tabindex:-1)
2025-11-02 20:04:58,045 [INFO] PluginManage:310 - Check plugin tools
2025-11-02 20:04:58,051 [INFO] PluginManage:359 - Loaded plugin tools (category:base,tabindex:7)
2025-11-02 20:04:58,051 [INFO] PluginManage:310 - Check plugin tutovideos
2025-11-02 20:04:58,220 [INFO] PluginManage:359 - Loaded plugin tutovideos (category:base,tabindex:-1)
2025-11-02 20:04:58,220 [INFO] PluginManage:310 - Check plugin updater
2025-11-02 20:04:58,247 [INFO] PluginManage:359 - Loaded plugin updater (category:base,tabindex:12)
2025-11-02 20:04:58,247 [INFO] PluginManage:310 - Check plugin userauth
2025-11-02 20:04:58,250 [INFO] UserAuth:118 - Init User Auth plugin
2025-11-02 20:04:58,252 [INFO] PluginManage:359 - Loaded plugin userauth (category:base,tabindex:14)
2025-11-02 20:04:58,253 [INFO] PluginManage:283 - PluginManage : Loaded plugins [18]
2025-11-02 20:04:58,501 [INFO] PinOutPanel:1589 - setPackage(No Configuration,No Configuration)
2025-11-02 20:04:58,612 [INFO] CADModel:165 - CPN selected for project level
2025-11-02 20:04:58,612 [INFO] CADModel:114 - Register for checkConnection events
2025-11-02 20:04:58,636 [INFO] IPUIPlugin:80 - create IPUIPlugin
2025-11-02 20:04:58,636 [INFO] PluginManager:220 - loadIPPluginJar : add adc
2025-11-02 20:04:58,640 [INFO] IPUIPlugin:80 - create IPUIPlugin
2025-11-02 20:04:58,640 [INFO] PluginManager:220 - loadIPPluginJar : add aes
2025-11-02 20:04:58,643 [INFO] IPUIPlugin:80 - create IPUIPlugin
2025-11-02 20:04:58,644 [INFO] PluginManager:220 - loadIPPluginJar : add can
2025-11-02 20:04:58,646 [INFO] IPUIPlugin:80 - create IPUIPlugin
2025-11-02 20:04:58,646 [INFO] PluginManager:220 - loadIPPluginJar : add comp
2025-11-02 20:04:58,648 [INFO] IPUIPlugin:80 - create IPUIPlugin
2025-11-02 20:04:58,649 [INFO] PluginManager:220 - loadIPPluginJar : add cryp
2025-11-02 20:04:58,652 [INFO] IPUIPlugin:80 - create IPUIPlugin
2025-11-02 20:04:58,652 [INFO] PluginManager:220 - loadIPPluginJar : add ddr_ctrl_phy
2025-11-02 20:04:58,655 [INFO] IPUIPlugin:80 - create IPUIPlugin
2025-11-02 20:04:58,656 [INFO] PluginManager:220 - loadIPPluginJar : add dfsdm
2025-11-02 20:04:58,663 [INFO] IPUIPlugin:80 - create IPUIPlugin
2025-11-02 20:04:58,664 [INFO] PluginManager:220 - loadIPPluginJar : add dma
2025-11-02 20:04:58,668 [INFO] IPUIPlugin:80 - create IPUIPlugin
2025-11-02 20:04:58,669 [INFO] PluginManager:220 - loadIPPluginJar : add dma3
2025-11-02 20:04:58,673 [INFO] IPUIPlugin:80 - create IPUIPlugin
2025-11-02 20:04:58,673 [INFO] PluginManager:220 - loadIPPluginJar : add extmemmanager
2025-11-02 20:04:58,676 [INFO] IPUIPlugin:80 - create IPUIPlugin
2025-11-02 20:04:58,676 [INFO] PluginManager:220 - loadIPPluginJar : add fatfs
2025-11-02 20:04:58,680 [INFO] IPUIPlugin:80 - create IPUIPlugin
2025-11-02 20:04:58,681 [INFO] PluginManager:220 - loadIPPluginJar : add fmc
2025-11-02 20:04:58,691 [INFO] IPUIPlugin:80 - create IPUIPlugin
2025-11-02 20:04:58,692 [INFO] PluginManager:220 - loadIPPluginJar : add freertos
2025-11-02 20:04:58,694 [INFO] IPUIPlugin:80 - create IPUIPlugin
2025-11-02 20:04:58,695 [INFO] PluginManager:220 - loadIPPluginJar : add genericplugin
2025-11-02 20:04:58,697 [INFO] IPUIPlugin:80 - create IPUIPlugin
2025-11-02 20:04:58,697 [INFO] PluginManager:220 - loadIPPluginJar : add gfxmmu
2025-11-02 20:04:58,703 [INFO] IPUIPlugin:80 - create IPUIPlugin
2025-11-02 20:04:58,703 [INFO] PluginManager:220 - loadIPPluginJar : add gic
2025-11-02 20:04:58,709 [INFO] IPUIPlugin:80 - create IPUIPlugin
2025-11-02 20:04:58,709 [INFO] PluginManager:220 - loadIPPluginJar : add gpio
2025-11-02 20:04:58,713 [INFO] IPUIPlugin:80 - create IPUIPlugin
2025-11-02 20:04:58,713 [INFO] PluginManager:220 - loadIPPluginJar : add gtzc
2025-11-02 20:04:58,716 [INFO] IPUIPlugin:80 - create IPUIPlugin
2025-11-02 20:04:58,716 [INFO] PluginManager:220 - loadIPPluginJar : add hash
2025-11-02 20:04:58,721 [INFO] IPUIPlugin:80 - create IPUIPlugin
2025-11-02 20:04:58,721 [INFO] PluginManager:220 - loadIPPluginJar : add i2c
2025-11-02 20:04:58,725 [INFO] IPUIPlugin:80 - create IPUIPlugin
2025-11-02 20:04:58,725 [INFO] PluginManager:220 - loadIPPluginJar : add i2s
2025-11-02 20:04:58,729 [INFO] IPUIPlugin:80 - create IPUIPlugin
2025-11-02 20:04:58,729 [INFO] PluginManager:220 - loadIPPluginJar : add i3c
2025-11-02 20:04:58,734 [INFO] IPUIPlugin:80 - create IPUIPlugin
2025-11-02 20:04:58,734 [INFO] PluginManager:220 - loadIPPluginJar : add ipddr
2025-11-02 20:04:58,742 [INFO] IPUIPlugin:80 - create IPUIPlugin
2025-11-02 20:04:58,742 [INFO] PluginManager:220 - loadIPPluginJar : add linkedlist
2025-11-02 20:04:58,747 [INFO] IPUIPlugin:80 - create IPUIPlugin
2025-11-02 20:04:58,748 [INFO] PluginManager:220 - loadIPPluginJar : add lorawan
2025-11-02 20:04:58,749 [INFO] IPUIPlugin:80 - create IPUIPlugin
2025-11-02 20:04:58,749 [INFO] PluginManager:220 - loadIPPluginJar : add ltdc
2025-11-02 20:04:58,755 [INFO] IPUIPlugin:80 - create IPUIPlugin
2025-11-02 20:04:58,756 [INFO] PluginManager:220 - loadIPPluginJar : add mdma
2025-11-02 20:04:58,760 [INFO] IPUIPlugin:80 - create IPUIPlugin
2025-11-02 20:04:58,761 [INFO] PluginManager:220 - loadIPPluginJar : add nvic
2025-11-02 20:04:58,764 [INFO] IPUIPlugin:80 - create IPUIPlugin
2025-11-02 20:04:58,764 [INFO] PluginManager:220 - loadIPPluginJar : add opamp
2025-11-02 20:04:58,768 [INFO] IPUIPlugin:80 - create IPUIPlugin
2025-11-02 20:04:58,768 [INFO] PluginManager:220 - loadIPPluginJar : add openamp
2025-11-02 20:04:58,772 [INFO] IPUIPlugin:80 - create IPUIPlugin
2025-11-02 20:04:58,773 [INFO] PluginManager:220 - loadIPPluginJar : add pdm2pcm
2025-11-02 20:04:58,782 [INFO] IPUIPlugin:80 - create IPUIPlugin
2025-11-02 20:04:58,787 [INFO] PluginManager:220 - loadIPPluginJar : add plateformsettings
2025-11-02 20:04:58,788 [INFO] IPUIPlugin:80 - create IPUIPlugin
2025-11-02 20:04:58,789 [INFO] PluginManager:220 - loadIPPluginJar : add quadspi
2025-11-02 20:04:58,792 [INFO] IPUIPlugin:80 - create IPUIPlugin
2025-11-02 20:04:58,793 [INFO] PluginManager:220 - loadIPPluginJar : add radio
2025-11-02 20:04:58,799 [INFO] IPUIPlugin:80 - create IPUIPlugin
2025-11-02 20:04:58,799 [INFO] PluginManager:220 - loadIPPluginJar : add resmgrutility
2025-11-02 20:04:58,803 [INFO] IPUIPlugin:80 - create IPUIPlugin
2025-11-02 20:04:58,803 [INFO] PluginManager:220 - loadIPPluginJar : add sai
2025-11-02 20:04:58,806 [INFO] IPUIPlugin:80 - create IPUIPlugin
2025-11-02 20:04:58,806 [INFO] PluginManager:220 - loadIPPluginJar : add spi
2025-11-02 20:04:58,816 [INFO] IPUIPlugin:80 - create IPUIPlugin
2025-11-02 20:04:58,816 [INFO] PluginManager:220 - loadIPPluginJar : add stm32_wpan
2025-11-02 20:04:58,819 [INFO] IPUIPlugin:80 - create IPUIPlugin
2025-11-02 20:04:58,819 [INFO] PluginManager:220 - loadIPPluginJar : add tim
2025-11-02 20:04:58,823 [INFO] IPUIPlugin:80 - create IPUIPlugin
2025-11-02 20:04:58,824 [INFO] PluginManager:220 - loadIPPluginJar : add touchsensing
2025-11-02 20:04:58,826 [INFO] IPUIPlugin:80 - create IPUIPlugin
2025-11-02 20:04:58,826 [INFO] PluginManager:220 - loadIPPluginJar : add tracer_emb
2025-11-02 20:04:58,828 [INFO] IPUIPlugin:80 - create IPUIPlugin
2025-11-02 20:04:58,828 [INFO] PluginManager:220 - loadIPPluginJar : add ts
2025-11-02 20:04:58,830 [INFO] IPUIPlugin:80 - create IPUIPlugin
2025-11-02 20:04:58,831 [INFO] PluginManager:220 - loadIPPluginJar : add tsc
2025-11-02 20:04:58,833 [INFO] IPUIPlugin:80 - create IPUIPlugin
2025-11-02 20:04:58,833 [INFO] PluginManager:220 - loadIPPluginJar : add ucpd
2025-11-02 20:04:58,836 [INFO] IPUIPlugin:80 - create IPUIPlugin
2025-11-02 20:04:58,836 [INFO] PluginManager:220 - loadIPPluginJar : add usart
2025-11-02 20:04:58,840 [INFO] IPUIPlugin:80 - create IPUIPlugin
2025-11-02 20:04:58,841 [INFO] PluginManager:220 - loadIPPluginJar : add usbx
2025-11-02 20:04:58,998 [FATAL] Updater:351 - Updater called before beeing initialized
2025-11-02 20:04:59,032 [INFO] RulesReader:64 - Compatibility file has been processed (301 Rules)
2025-11-02 20:04:59,048 [INFO] RulesReader:64 - Compatibility file has been processed (301 Rules)
2025-11-02 20:04:59,059 [INFO] CADModel:165 - CPN selected for project level
2025-11-02 20:04:59,059 [INFO] CADModel:114 - Register for checkConnection events
2025-11-02 20:04:59,060 [FATAL] Updater:351 - Updater called before beeing initialized
2025-11-02 20:04:59,060 [ERROR] CADModel:125 - Updater not yet initialized, retry later 
2025-11-02 20:04:59,298 [FATAL] Updater:351 - Updater called before beeing initialized
2025-11-02 20:04:59,302 [INFO] CADModel:165 - CPN selected for project level
2025-11-02 20:04:59,302 [INFO] CADModel:114 - Register for checkConnection events
2025-11-02 20:04:59,302 [FATAL] Updater:351 - Updater called before beeing initialized
2025-11-02 20:04:59,302 [ERROR] CADModel:125 - Updater not yet initialized, retry later 
2025-11-02 20:04:59,308 [FATAL] Updater:351 - Updater called before beeing initialized
2025-11-02 20:04:59,485 [FATAL] Updater:351 - Updater called before beeing initialized
2025-11-02 20:04:59,491 [INFO] DbMcusAds:53 - JSON generation date=Thu Oct 02 15:06:05 IST 2025 (1759397765645)
2025-11-02 20:04:59,492 [FATAL] Updater:351 - Updater called before beeing initialized
2025-11-02 20:04:59,540 [WARN] DetailPanel:346 - Failed to get advertising image, set to default
2025-11-02 20:04:59,889 [FATAL] Updater:351 - Updater called before beeing initialized
2025-11-02 20:04:59,891 [FATAL] Updater:351 - Updater called before beeing initialized
2025-11-02 20:04:59,891 [FATAL] Updater:351 - Updater called before beeing initialized
2025-11-02 20:04:59,891 [WARN] DetailPanel:346 - Failed to get advertising image, set to default
2025-11-02 20:04:59,892 [FATAL] Updater:351 - Updater called before beeing initialized
2025-11-02 20:04:59,950 [ERROR] Updater:1198 - MainUpdater not yet initialized. External WinMGr cannot be set.
2025-11-02 20:04:59,952 [INFO] Updater:1134 - Updater Version found : 6.14.0
2025-11-02 20:04:59,971 [INFO] ApplicationProperties:184 - Using Application install path: C:\ST\STM32CubeIDE_1.14.1\STM32CubeIDE\plugins\com.st.stm32cube.common.mx_6.14.0.202502271554
2025-11-02 20:05:01,045 [INFO] ThirdPartyUpdaterWithRetryManager:70 - Updater plugin not ready yet. [2/15]
2025-11-02 20:05:01,548 [ERROR] LogOutputStream:75 - [STDERR_REDIRECT] Nov 02, 2025 8:05:01 PM java.util.prefs.WindowsPreferences <init>
2025-11-02 20:05:01,549 [ERROR] LogOutputStream:75 - [STDERR_REDIRECT] WARNING: Could not open/create prefs root node Software\JavaSoft\Prefs at root 0xffffffff80000002. Windows RegCreateKeyEx(...) returned error code 5.
2025-11-02 20:05:01,550 [ERROR] LogOutputStream:75 - [STDERR_REDIRECT] 
2025-11-02 20:05:02,623 [INFO] MainUpdater:2872 - connection check result : 10
2025-11-02 20:05:02,624 [INFO] MainUpdater:289 - Updater Check For Update Now.
2025-11-02 20:05:02,624 [INFO] MicroXplorer:498 - Change Database Version : DB.6.0.140
2025-11-02 20:05:02,631 [INFO] McuFinderGlobals:63 - Set McuFinder mode to 2 (CubeIDE integrated)
2025-11-02 20:05:02,631 [INFO] UserAuth:486 - Internet connection configuration mode: 1
2025-11-02 20:05:02,659 [INFO] JxBrowserEngine:152 - Initiate JxBrowser Engine with user profile folder
2025-11-02 20:05:02,851 [INFO] CheckServerUpdateThread:120 - End of CheckServer Thread
2025-11-02 20:05:03,366 [INFO] WebApp:169 - Instantiating new browser for Auth
2025-11-02 20:05:04,217 [INFO] WebApp:463 - Apply proxy settings
2025-11-02 20:05:04,217 [INFO] WebApp:548 - Chromium requires no authentication
2025-11-02 20:05:04,250 [INFO] WebApp:491 - Direct internet connection detected
2025-11-02 20:05:04,319 [INFO] WebApp:894 - Register for checkConnection events
2025-11-02 20:05:04,320 [INFO] WebApp:463 - Apply proxy settings
2025-11-02 20:05:04,320 [INFO] WebApp:548 - Chromium requires no authentication
2025-11-02 20:05:04,321 [INFO] WebApp:491 - Direct internet connection detected
2025-11-02 20:05:04,521 [WARN] PackLoader:240 - Cannot read IP mode file for STMicroelectronics.FP-SNS-MOTENVWB1.1.4.0
2025-11-02 20:05:04,542 [WARN] PackLoader:240 - Cannot read IP mode file for STMicroelectronics.FP-ATR-ASTRA1.2.0.2
2025-11-02 20:05:04,549 [WARN] PackLoader:240 - Cannot read IP mode file for STMicroelectronics.FP-ATR-ASTRA1.2.0.1
2025-11-02 20:05:04,566 [WARN] PackLoader:240 - Cannot read IP mode file for STMicroelectronics.X-CUBE-SMBUS.2.1.0
2025-11-02 20:05:04,583 [WARN] PackLoader:240 - Cannot read IP mode file for STMicroelectronics.X-CUBE-WB05N.1.1.0
2025-11-02 20:05:04,594 [WARN] PackLoader:240 - Cannot read IP mode file for STMicroelectronics.X-CUBE-TOUCHGFX.4.23.0
2025-11-02 20:05:04,599 [WARN] PackLoader:240 - Cannot read IP mode file for STMicroelectronics.X-CUBE-TOUCHGFX.4.23.2
2025-11-02 20:05:04,657 [WARN] PackLoader:240 - Cannot read IP mode file for STMicroelectronics.X-CUBE-AZRTOS-F7.1.1.0
2025-11-02 20:05:04,669 [WARN] PackLoader:240 - Cannot read IP mode file for STMicroelectronics.FP-SNS-MOTENV1.4.3.2
2025-11-02 20:05:04,786 [WARN] PackLoader:240 - Cannot read IP mode file for STMicroelectronics.X-CUBE-MEMS1.11.0.0
2025-11-02 20:05:04,810 [INFO] WebApp:225 - Starting web application
2025-11-02 20:05:04,810 [INFO] WebApp:593 - Web application path used C:\ST\STM32CubeIDE_1.14.1\STM32CubeIDE\plugins\com.st.stm32cube.common.mx_6.14.0.202502271554\db\plugins\mcufinder\reactClient1\index.html
2025-11-02 20:05:05,038 [INFO] UserAuth:486 - Internet connection configuration mode: 1
2025-11-02 20:05:05,122 [ERROR] Engine:466 - C:\Users\User\.stm32cubemx\thirdparties\pdsc\STMicroelectronics.FP-SNS-MOTENV1.5.1.0.pdsc: PDSC version is not supported
2025-11-02 20:05:05,131 [WARN] PackLoader:240 - Cannot read IP mode file for STMicroelectronics.FP-SNS-FLIGHT1.5.0.2
2025-11-02 20:05:05,173 [WARN] PackLoader:240 - Cannot read IP mode file for STMicroelectronics.X-CUBE-AZRTOS-H7.3.4.0
2025-11-02 20:05:05,191 [WARN] PackLoader:240 - Cannot read IP mode file for STMicroelectronics.X-CUBE-DISPLAY.3.0.0
2025-11-02 20:05:05,205 [WARN] PackLoader:240 - Cannot read IP mode file for STMicroelectronics.X-CUBE-BLE1.7.0.0
2025-11-02 20:05:05,216 [WARN] PackLoader:240 - Cannot read IP mode file for STMicroelectronics.X-CUBE-NFC10.1.0.0
2025-11-02 20:05:05,240 [WARN] PackLoader:240 - Cannot read IP mode file for STMicroelectronics.X-CUBE-BLEMGR.4.0.0
2025-11-02 20:05:05,251 [WARN] PackLoader:240 - Cannot read IP mode file for STMicroelectronics.X-CUBE-ST60.1.1.0
2025-11-02 20:05:05,261 [WARN] PackLoader:240 - Cannot read IP mode file for emotas.I-CUBE-CANOPEN.1.3.0
2025-11-02 20:05:05,269 [WARN] PackLoader:240 - Cannot read IP mode file for STMicroelectronics.X-CUBE-GNSS1.7.1.0
2025-11-02 20:05:05,283 [WARN] PackLoader:240 - Cannot read IP mode file for STMicroelectronics.X-CUBE-BLEMGR.3.1.0
2025-11-02 20:05:05,291 [WARN] PackLoader:240 - Cannot read IP mode file for STMicroelectronics.X-CUBE-AI.10.0.0
2025-11-02 20:05:05,298 [ERROR] Engine:466 - C:\Users\User\.stm32cubemx\thirdparties\pdsc\STMicroelectronics.FP-SNS-STBOX1.2.1.0.pdsc: PDSC version is not supported
2025-11-02 20:05:05,304 [WARN] PackLoader:240 - Cannot read IP mode file for STMicroelectronics.FP-SNS-SMARTAG2.1.2.0
2025-11-02 20:05:05,309 [WARN] PackLoader:240 - Cannot read IP mode file for STMicroelectronics.FP-SNS-FLIGHT1.5.1.0
2025-11-02 20:05:05,422 [WARN] PackLoader:240 - Cannot read IP mode file for STMicroelectronics.X-CUBE-MEMS1.11.1.0
2025-11-02 20:05:05,772 [INFO] LogOutputStream:77 - [STDOUT_REDIRECT] 1 : Invalid condition id : UX_CORESTACK_Condition cause : null
2025-11-02 20:05:05,774 [INFO] LogOutputStream:77 - [STDOUT_REDIRECT] 1 : Invalid condition id : UX_CORESTACK_Condition cause : null
2025-11-02 20:05:05,776 [INFO] WebApp:191 - Connection restablished
2025-11-02 20:05:05,780 [INFO] LogOutputStream:77 - [STDOUT_REDIRECT] 1 : Invalid condition id : UX_CORESTACK_Condition cause : null
2025-11-02 20:05:05,784 [INFO] LogOutputStream:77 - [STDOUT_REDIRECT] 1 : Invalid condition id : UX_CORESTACK_Condition cause : null
2025-11-02 20:05:05,786 [INFO] LogOutputStream:77 - [STDOUT_REDIRECT] 1 : Invalid condition id : UX_CORESTACK_Condition cause : null
2025-11-02 20:05:05,796 [WARN] PackLoader:240 - Cannot read IP mode file for STMicroelectronics.X-CUBE-AZRTOS-WL.2.0.0
2025-11-02 20:05:05,812 [WARN] PackLoader:240 - Cannot read IP mode file for STMicroelectronics.FP-SNS-MOTENV1.5.0.0
2025-11-02 20:05:05,826 [WARN] PackLoader:240 - Cannot read IP mode file for wolfSSL.I-CUBE-wolfMQTT.1.19.0
2025-11-02 20:05:05,846 [WARN] PackLoader:240 - Cannot read IP mode file for WES.I-CUBE-Cesium.1.3.0
2025-11-02 20:05:05,858 [WARN] PackLoader:240 - Cannot read IP mode file for STMicroelectronics.X-CUBE-BLE2.3.3.0
2025-11-02 20:05:05,874 [WARN] PackLoader:240 - Cannot read IP mode file for STMicroelectronics.X-CUBE-NFC9.1.0.0
2025-11-02 20:05:05,891 [WARN] PackLoader:240 - Cannot read IP mode file for STMicroelectronics.X-CUBE-BLE1.7.1.0
2025-11-02 20:05:05,908 [WARN] PackLoader:240 - Cannot read IP mode file for STMicroelectronics.X-CUBE-TCPP.4.1.0
2025-11-02 20:05:05,924 [WARN] PackLoader:240 - Cannot read IP mode file for STMicroelectronics.X-CUBE-EEPRMA1.5.2.0
2025-11-02 20:05:05,933 [ERROR] Engine:466 - C:\Users\User\.stm32cubemx\thirdparties\pdsc\STMicroelectronics.X-CUBE-ST67W61.1.1.0.pdsc: PDSC version is not supported
2025-11-02 20:05:05,946 [WARN] PackLoader:240 - Cannot read IP mode file for STMicroelectronics.X-CUBE-ALGOBUILD.1.3.0
2025-11-02 20:05:06,102 [WARN] PackLoader:240 - Cannot read IP mode file for STMicroelectronics.X-CUBE-MEMS1.11.2.0
2025-11-02 20:05:06,364 [WARN] PackLoader:240 - Cannot read IP mode file for STMicroelectronics.X-CUBE-AZRTOS-G0.1.1.0
2025-11-02 20:05:06,381 [WARN] PackLoader:240 - Cannot read IP mode file for STMicroelectronics.X-CUBE-SAFEA1.1.2.2
2025-11-02 20:05:06,393 [WARN] PackLoader:240 - Cannot read IP mode file for STMicroelectronics.X-CUBE-NFC4.3.0.0
2025-11-02 20:05:06,413 [WARN] PackLoader:240 - Cannot read IP mode file for EmbeddedOffice.I-CUBE-FS-RTOS.1.0.1
2025-11-02 20:05:06,435 [WARN] PackLoader:240 - Cannot read IP mode file for STMicroelectronics.X-CUBE-WB05N.2.0.0
2025-11-02 20:05:06,446 [WARN] PackLoader:240 - Cannot read IP mode file for STMicroelectronics.X-CUBE-TCPP.4.2.0
2025-11-02 20:05:06,459 [WARN] PackLoader:240 - Cannot read IP mode file for RealThread.X-CUBE-RT-Thread_Nano.4.1.1
2025-11-02 20:05:06,468 [WARN] PackLoader:240 - Cannot read IP mode file for STMicroelectronics.FP-ATR-SIGFOX1.3.2.0
2025-11-02 20:05:06,477 [WARN] ConditionMgr:438 - getConditionDescription Invalid condition id : Cortex-A Device cause : null
2025-11-02 20:05:06,580 [WARN] ConditionMgr:1044 - genDependencies : Invalid condition id : Cortex-A Device cause : null
2025-11-02 20:05:06,580 [WARN] ConditionMgr:1044 - genDependencies : Invalid condition id : Cortex-A Device cause : null
2025-11-02 20:05:06,581 [WARN] ConditionMgr:1044 - genDependencies : Invalid condition id : Cortex-A Device cause : null
2025-11-02 20:05:06,592 [WARN] PackLoader:240 - Cannot read IP mode file for STMicroelectronics.X-CUBE-EEPRMA1.5.1.0
2025-11-02 20:05:06,600 [WARN] PackLoader:240 - Cannot read IP mode file for STMicroelectronics.X-CUBE-AI.10.2.0
2025-11-02 20:05:06,699 [WARN] PackLoader:240 - Cannot read IP mode file for SEGGER.I-CUBE-embOS.1.3.1
2025-11-02 20:05:06,784 [WARN] PackLoader:240 - Cannot read IP mode file for STMicroelectronics.X-CUBE-ALGOBUILD.1.4.0
2025-11-02 20:05:06,919 [WARN] PackLoader:240 - Cannot read IP mode file for STMicroelectronics.X-CUBE-MEMS1.11.3.0
2025-11-02 20:05:07,268 [WARN] PackLoader:240 - Cannot read IP mode file for STMicroelectronics.X-CUBE-AI.9.1.0
2025-11-02 20:05:07,277 [WARN] PackLoader:240 - Cannot read IP mode file for STMicroelectronics.X-CUBE-PM33A1.1.0.0
2025-11-02 20:05:07,285 [WARN] PackLoader:240 - Cannot read IP mode file for STMicroelectronics.X-CUBE-GNSS1.6.0.0
2025-11-02 20:05:07,438 [WARN] PackLoader:240 - Cannot read IP mode file for STMicroelectronics.X-CUBE-AZRTOS-F4.1.1.0
2025-11-02 20:05:07,451 [WARN] PackLoader:240 - Cannot read IP mode file for Avnet-IotConnect.X-CUBE-IoTC-DA16k-PMOD.1.0.0
2025-11-02 20:05:07,487 [WARN] PackLoader:240 - Cannot read IP mode file for STMicroelectronics.X-CUBE-ISPU.2.1.0
2025-11-02 20:05:07,501 [ERROR] Engine:466 - C:\Users\User\.stm32cubemx\thirdparties\pdsc\STMicroelectronics.X-CUBE-IPS.3.2.0.pdsc: PDSC version is not supported
2025-11-02 20:05:07,511 [WARN] PackLoader:240 - Cannot read IP mode file for STMicroelectronics.X-CUBE-FREERTOS.1.2.0
2025-11-02 20:05:07,518 [WARN] PackLoader:240 - Cannot read IP mode file for wolfSSL.I-CUBE-wolfSSL.5.6.6
2025-11-02 20:05:07,532 [WARN] PackLoader:240 - Cannot read IP mode file for STMicroelectronics.X-CUBE-NFC12.1.0.0
2025-11-02 20:05:07,582 [WARN] PackLoader:240 - Cannot read IP mode file for STMicroelectronics.X-CUBE-AZRTOS-L5.2.0.0
2025-11-02 20:05:07,605 [WARN] PackLoader:240 - Cannot read IP mode file for STMicroelectronics.X-CUBE-NFC6.3.1.0
2025-11-02 20:05:07,619 [WARN] PackLoader:240 - Cannot read IP mode file for ITTIA_DB.I-CUBE-ITTIADB.8.8.0
2025-11-02 20:05:07,629 [WARN] PackLoader:240 - Cannot read IP mode file for STMicroelectronics.X-CUBE-DPower.1.2.0
2025-11-02 20:05:07,637 [WARN] PackLoader:240 - Cannot read IP mode file for STMicroelectronics.X-CUBE-AI.9.0.0
2025-11-02 20:05:07,645 [WARN] PackLoader:240 - Cannot read IP mode file for STMicroelectronics.X-CUBE-FREERTOS.1.3.1
2025-11-02 20:05:07,654 [WARN] PackLoader:240 - Cannot read IP mode file for STMicroelectronics.X-CUBE-FREERTOS.1.3.0
2025-11-02 20:05:07,663 [WARN] PackLoader:240 - Cannot read IP mode file for STMicroelectronics.X-CUBE-NFC7.1.0.1
2025-11-02 20:05:07,671 [WARN] PackLoader:240 - Cannot read IP mode file for STMicroelectronics.X-CUBE-TOUCHGFX.4.26.0
2025-11-02 20:05:07,681 [WARN] PackLoader:240 - Cannot read IP mode file for STMicroelectronics.X-CUBE-NFC6.3.0.0
2025-11-02 20:05:07,698 [WARN] PackLoader:240 - Cannot read IP mode file for STMicroelectronics.FP-SNS-STAIOTCFT.1.0.0
2025-11-02 20:05:07,707 [WARN] PackLoader:240 - Cannot read IP mode file for STMicroelectronics.X-CUBE-DPower.1.3.0
2025-11-02 20:05:07,713 [WARN] PackLoader:240 - Cannot read IP mode file for STMicroelectronics.X-CUBE-AI.8.1.0
2025-11-02 20:05:07,747 [WARN] ConditionMgr:438 - getConditionDescription Invalid condition id : LAN8742 Phy interface Condition cause : null
2025-11-02 20:05:07,748 [WARN] PackLoader:240 - Cannot read IP mode file for STMicroelectronics.X-CUBE-AZRTOS-L4.2.0.0
2025-11-02 20:05:07,750 [WARN] ConditionMgr:1044 - genDependencies : Invalid condition id : LAN8742 Phy interface Condition cause : null
2025-11-02 20:05:07,751 [WARN] ConditionMgr:1044 - genDependencies : Invalid condition id : LAN8742 Phy interface Condition cause : null
2025-11-02 20:05:07,753 [WARN] ConditionMgr:1044 - genDependencies : Invalid condition id : LAN8742 Phy interface Condition cause : null
2025-11-02 20:05:07,767 [WARN] PackLoader:240 - Cannot read IP mode file for STMicroelectronics.X-CUBE-SFXS2LP1.4.0.0
2025-11-02 20:05:07,800 [WARN] PackLoader:240 - Cannot read IP mode file for STMicroelectronics.X-CUBE-AZRTOS-H7.3.3.0
2025-11-02 20:05:07,827 [WARN] PackLoader:240 - Cannot read IP mode file for STMicroelectronics.X-CUBE-BLEMGR.4.1.0
2025-11-02 20:05:07,850 [WARN] PackLoader:240 - Cannot read IP mode file for STMicroelectronics.X-CUBE-IPS.3.0.0
2025-11-02 20:05:07,883 [WARN] ConditionMgr:438 - getConditionDescription Invalid condition id : UX DEVICE CLASS RTOS Condition cause : null
2025-11-02 20:05:07,884 [WARN] ConditionMgr:438 - getConditionDescription Invalid condition id : UX DEVICE CLASS RTOS Condition cause : null
2025-11-02 20:05:07,889 [WARN] PackLoader:240 - Cannot read IP mode file for STMicroelectronics.X-CUBE-AZRTOS-WB.2.0.0
2025-11-02 20:05:07,890 [WARN] ConditionMgr:1044 - genDependencies : Invalid condition id : UX DEVICE CLASS RTOS Condition cause : null
2025-11-02 20:05:07,891 [WARN] ConditionMgr:1044 - genDependencies : Invalid condition id : UX DEVICE CLASS RTOS Condition cause : null
2025-11-02 20:05:07,892 [WARN] ConditionMgr:1044 - genDependencies : Invalid condition id : UX DEVICE CLASS RTOS Condition cause : null
2025-11-02 20:05:07,893 [WARN] ConditionMgr:1044 - genDependencies : Invalid condition id : UX DEVICE CLASS RTOS Condition cause : null
2025-11-02 20:05:07,893 [WARN] ConditionMgr:1044 - genDependencies : Invalid condition id : UX DEVICE CLASS RTOS Condition cause : null
2025-11-02 20:05:07,906 [WARN] PackLoader:240 - Cannot read IP mode file for STMicroelectronics.X-CUBE-GNSS1.7.0.0
2025-11-02 20:05:07,916 [WARN] PackLoader:240 - Cannot read IP mode file for STMicroelectronics.X-CUBE-GNSS1.7.0.1
2025-11-02 20:05:07,921 [WARN] PackLoader:240 - Cannot read IP mode file for STMicroelectronics.X-CUBE-TOUCHGFX.4.25.0
2025-11-02 20:05:07,932 [WARN] PackLoader:240 - Cannot read IP mode file for STMicroelectronics.FP-SNS-STBOX1.2.0.0
2025-11-02 20:05:07,953 [WARN] PackLoader:240 - Cannot read IP mode file for STMicroelectronics.X-CUBE-SUBG2.5.0.0
2025-11-02 20:05:08,000 [WARN] PackLoader:240 - Cannot read IP mode file for STMicroelectronics.X-CUBE-AZRTOS-H7RS.1.1.0
2025-11-02 20:05:08,015 [WARN] PackLoader:240 - Cannot read IP mode file for Cesanta.I-CUBE-Mongoose.7.13.0
2025-11-02 20:05:08,040 [WARN] PackLoader:240 - Cannot read IP mode file for STMicroelectronics.X-CUBE-AZRTOS-G4.2.0.0
2025-11-02 20:05:08,074 [WARN] PackLoader:240 - Cannot read IP mode file for Infineon.AIROC-Wi-Fi-Bluetooth-STM32.1.5.1
2025-11-02 20:05:08,086 [WARN] PackLoader:240 - Cannot read IP mode file for STMicroelectronics.X-CUBE-NFC7.2.0.0
2025-11-02 20:05:08,093 [WARN] PackLoader:240 - Cannot read IP mode file for STMicroelectronics.FP-SNS-MOTENVWB1.1.3.1
2025-11-02 20:05:08,099 [WARN] PackLoader:240 - Cannot read IP mode file for STMicroelectronics.X-CUBE-ISPU.2.0.0
2025-11-02 20:05:08,116 [WARN] PackLoader:240 - Cannot read IP mode file for STMicroelectronics.X-CUBE-IPS.3.1.0
2025-11-02 20:05:08,132 [WARN] PackLoader:240 - Cannot read IP mode file for STMicroelectronics.X-CUBE-ALS.1.0.2
2025-11-02 20:05:08,190 [WARN] PackLoader:240 - Cannot read IP mode file for STMicroelectronics.X-CUBE-MEMS1.10.0.0
2025-11-02 20:05:08,370 [WARN] PackLoader:240 - Cannot read IP mode file for STMicroelectronics.X-CUBE-FREERTOS.1.1.0
2025-11-02 20:05:08,375 [WARN] PackLoader:240 - Cannot read IP mode file for STMicroelectronics.X-CUBE-TOUCHGFX.4.24.0
2025-11-02 20:05:08,379 [WARN] PackLoader:240 - Cannot read IP mode file for STMicroelectronics.X-CUBE-TOUCHGFX.4.24.2
2025-11-02 20:05:08,385 [WARN] PackLoader:240 - Cannot read IP mode file for STMicroelectronics.X-CUBE-TOUCHGFX.4.24.1
2025-11-02 20:05:08,398 [WARN] PackLoader:240 - Cannot read IP mode file for STMicroelectronics.X-CUBE-STSE01.1.0.0
2025-11-02 20:05:08,405 [WARN] PackLoader:240 - Cannot read IP mode file for wolfSSL.I-CUBE-wolfTPM.3.4.0
2025-11-02 20:05:08,416 [WARN] PackLoader:240 - Cannot read IP mode file for portGmbH.I-Cube-SoM-uGOAL.1.1.0
2025-11-02 20:05:08,423 [WARN] PackLoader:240 - Cannot read IP mode file for STMicroelectronics.X-CUBE-ALS.1.0.1
2025-11-02 20:05:08,458 [WARN] PackLoader:240 - Cannot read IP mode file for STMicroelectronics.X-CUBE-AZRTOS-H7RS.1.0.0
2025-11-02 20:05:08,471 [WARN] PackLoader:240 - Cannot read IP mode file for STMicroelectronics.FP-ATR-ASTRA1.2.0.0
2025-11-02 20:05:08,506 [WARN] PackLoader:240 - Cannot read IP mode file for STMicroelectronics.X-CUBE-TOF1.3.4.2
2025-11-02 20:05:08,536 [WARN] PackLoader:240 - Cannot read IP mode file for STMicroelectronics.X-CUBE-TOF1.3.4.3
2025-11-02 20:05:08,571 [WARN] PackLoader:240 - Cannot read IP mode file for STMicroelectronics.X-CUBE-TOF1.3.4.0
2025-11-02 20:05:08,606 [WARN] PackLoader:240 - Cannot read IP mode file for STMicroelectronics.X-CUBE-TOF1.3.4.1
2025-11-02 20:05:08,657 [WARN] PackLoader:240 - Cannot read IP mode file for STMicroelectronics.X-CUBE-AZRTOS-H7.3.2.0
2025-11-02 20:05:08,671 [WARN] PackLoader:240 - Cannot read IP mode file for wolfSSL.I-CUBE-wolfSSH.1.4.17
2025-11-02 20:05:08,672 [INFO] ThirdParty:978 - Integrity check success = true
2025-11-02 20:05:08,673 [INFO] IntegrityCheckThread:100 - exiting critical section [integrity check]
2025-11-02 20:05:08,673 [INFO] IntegrityCheckThread:103 - End integrity checks thread
2025-11-02 20:06:02,333 [ERROR] ConfigurationRetriever:142 - IOException on connection: Connect timed out
2025-11-02 20:06:04,340 [ERROR] ConfigurationRetriever:142 - IOException on connection: Connect timed out
2025-11-02 20:06:06,345 [ERROR] ConfigurationRetriever:142 - IOException on connection: Connect timed out
